{"C:\\Users\\User\\Documents\\UV\\6 semestre\\Soft II\\PROYECTOSOFT2\\src\\spotify.js": {"path":"C:\\Users\\User\\Documents\\UV\\6 semestre\\Soft II\\PROYECTOSOFT2\\src\\spotify.js","statementMap":{"0":{"start":{"line":3,"column":21},"end":{"line":3,"column":62}},"1":{"start":{"line":4,"column":17},"end":{"line":4,"column":51}},"2":{"start":{"line":5,"column":20},"end":{"line":5,"column":43}},"3":{"start":{"line":6,"column":15},"end":{"line":6,"column":61}},"4":{"start":{"line":8,"column":29},"end":{"line":10,"column":40}},"5":{"start":{"line":12,"column":0},"end":{"line":12,"column":55}},"6":{"start":{"line":14,"column":30},"end":{"line":19,"column":5}},"7":{"start":{"line":15,"column":4},"end":{"line":18,"column":9}},"8":{"start":{"line":16,"column":8},"end":{"line":16,"column":57}},"9":{"start":{"line":17,"column":8},"end":{"line":17,"column":22}}},"fnMap":{"0":{"name":"(anonymous_0)","decl":{"start":{"line":14,"column":30},"end":{"line":14,"column":31}},"loc":{"start":{"line":14,"column":41},"end":{"line":19,"column":5}},"line":14},"1":{"name":"(anonymous_1)","decl":{"start":{"line":15,"column":35},"end":{"line":15,"column":36}},"loc":{"start":{"line":15,"column":53},"end":{"line":18,"column":7}},"line":15}},"branchMap":{},"s":{"0":1,"1":1,"2":1,"3":1,"4":1,"5":1,"6":1,"7":1,"8":1,"9":1},"f":{"0":1,"1":1},"b":{},"_coverageSchema":"1a1c01bbd47fc00a2c39e90264f33305004495a9","hash":"2f6c3490de27ac438faaad58ae08dee060f43cce"}
,"C:\\Users\\User\\Documents\\UV\\6 semestre\\Soft II\\PROYECTOSOFT2\\src\\__test__\\prueba.js": {"path":"C:\\Users\\User\\Documents\\UV\\6 semestre\\Soft II\\PROYECTOSOFT2\\src\\__test__\\prueba.js","statementMap":{"0":{"start":{"line":3,"column":15},"end":{"line":6,"column":1}},"1":{"start":{"line":9,"column":30},"end":{"line":9,"column":53}},"2":{"start":{"line":11,"column":23},"end":{"line":13,"column":3}},"3":{"start":{"line":12,"column":4},"end":{"line":12,"column":30}},"4":{"start":{"line":15,"column":23},"end":{"line":17,"column":3}},"5":{"start":{"line":16,"column":4},"end":{"line":16,"column":29}},"6":{"start":{"line":19,"column":2},"end":{"line":28,"column":4}}},"fnMap":{"0":{"name":"Link","decl":{"start":{"line":8,"column":24},"end":{"line":8,"column":28}},"loc":{"start":{"line":8,"column":47},"end":{"line":29,"column":1}},"line":8},"1":{"name":"(anonymous_1)","decl":{"start":{"line":11,"column":23},"end":{"line":11,"column":24}},"loc":{"start":{"line":11,"column":29},"end":{"line":13,"column":3}},"line":11},"2":{"name":"(anonymous_2)","decl":{"start":{"line":15,"column":23},"end":{"line":15,"column":24}},"loc":{"start":{"line":15,"column":29},"end":{"line":17,"column":3}},"line":15}},"branchMap":{"0":{"loc":{"start":{"line":22,"column":12},"end":{"line":22,"column":23}},"type":"binary-expr","locations":[{"start":{"line":22,"column":12},"end":{"line":22,"column":16}},{"start":{"line":22,"column":20},"end":{"line":22,"column":23}}],"line":22}},"s":{"0":1,"1":3,"2":3,"3":1,"4":3,"5":1,"6":3},"f":{"0":3,"1":1,"2":1},"b":{"0":[3,0]},"_coverageSchema":"1a1c01bbd47fc00a2c39e90264f33305004495a9","hash":"e343215c265176b56c884e0f45235750f5e1fd81"}
,"C:\\Users\\User\\Documents\\UV\\6 semestre\\Soft II\\PROYECTOSOFT2\\src\\components\\audioPlayer\\controls.css": {"path":"C:\\Users\\User\\Documents\\UV\\6 semestre\\Soft II\\PROYECTOSOFT2\\src\\components\\audioPlayer\\controls.css","statementMap":{},"fnMap":{},"branchMap":{},"s":{},"f":{},"b":{},"inputSourceMap":null,"_coverageSchema":"1a1c01bbd47fc00a2c39e90264f33305004495a9","hash":"fd77d224e3eb483bf8a898c87272e5f100dd4dd5"}
,"C:\\Users\\User\\Documents\\UV\\6 semestre\\Soft II\\PROYECTOSOFT2\\src\\components\\audioPlayer\\controls.js": {"path":"C:\\Users\\User\\Documents\\UV\\6 semestre\\Soft II\\PROYECTOSOFT2\\src\\components\\audioPlayer\\controls.js","statementMap":{"0":{"start":{"line":13,"column":2},"end":{"line":33,"column":4}},"1":{"start":{"line":23,"column":25},"end":{"line":23,"column":49}}},"fnMap":{"0":{"name":"Controls","decl":{"start":{"line":7,"column":24},"end":{"line":7,"column":32}},"loc":{"start":{"line":12,"column":3},"end":{"line":34,"column":1}},"line":12},"1":{"name":"(anonymous_1)","decl":{"start":{"line":23,"column":19},"end":{"line":23,"column":20}},"loc":{"start":{"line":23,"column":25},"end":{"line":23,"column":49}},"line":23}},"branchMap":{"0":{"loc":{"start":{"line":21,"column":12},"end":{"line":21,"column":76}},"type":"cond-expr","locations":[{"start":{"line":21,"column":24},"end":{"line":21,"column":52}},{"start":{"line":21,"column":55},"end":{"line":21,"column":76}}],"line":21},"1":{"loc":{"start":{"line":26,"column":11},"end":{"line":26,"column":47}},"type":"cond-expr","locations":[{"start":{"line":26,"column":23},"end":{"line":26,"column":34}},{"start":{"line":26,"column":37},"end":{"line":26,"column":47}}],"line":26}},"s":{"0":3,"1":1},"f":{"0":3,"1":1},"b":{"0":[0,3],"1":[0,3]},"_coverageSchema":"1a1c01bbd47fc00a2c39e90264f33305004495a9","hash":"9ade2d0a61c473865fc310424806f1e37ebd8c47"}
}
