TN:
SF:src\spotify.js
FN:14,(anonymous_0)
FN:15,(anonymous_1)
FNF:2
FNH:2
FNDA:1,(anonymous_0)
FNDA:1,(anonymous_1)
DA:3,1
DA:4,1
DA:5,1
DA:6,1
DA:8,1
DA:12,1
DA:14,1
DA:15,1
DA:16,1
DA:17,1
LF:10
LH:10
BRF:0
BRH:0
end_of_record
TN:
SF:src\__test__\prueba.js
FN:8,Link
FN:11,(anonymous_1)
FN:15,(anonymous_2)
FNF:3
FNH:3
FNDA:3,Link
FNDA:1,(anonymous_1)
FNDA:1,(anonymous_2)
DA:3,1
DA:9,3
DA:11,3
DA:12,1
DA:15,3
DA:16,1
DA:19,3
LF:7
LH:7
BRDA:22,0,0,3
BRDA:22,0,1,0
BRF:2
BRH:1
end_of_record
TN:
SF:src\components\audioPlayer\controls.css
FNF:0
FNH:0
LF:0
LH:0
BRF:0
BRH:0
end_of_record
TN:
SF:src\components\audioPlayer\controls.js
FN:7,Controls
FN:23,(anonymous_1)
FNF:2
FNH:2
FNDA:3,Controls
FNDA:1,(anonymous_1)
DA:13,3
DA:23,1
LF:2
LH:2
BRDA:21,0,0,0
BRDA:21,0,1,3
BRDA:26,1,0,0
BRDA:26,1,1,3
BRF:4
BRH:2
end_of_record
